<?xml version="1.0" encoding="UTF-8"?>
<coverage generated="1776860425275" clover="3.2.0">
  <project timestamp="1776860425275" name="All files">
    <metrics statements="66" coveredstatements="42" conditionals="20" coveredconditionals="10" methods="10" coveredmethods="3" elements="96" coveredelements="55" complexity="0" loc="66" ncloc="66" packages="4" files="5" classes="5"/>
    <package name="controllers">
      <metrics statements="34" coveredstatements="19" conditionals="10" coveredconditionals="4" methods="5" coveredmethods="2"/>
      <file name="roomController.js" path="C:\Users\CICS_STD_001\Documents\Web3D\Mira-api-activity3D\src\controllers\roomController.js">
        <metrics statements="34" coveredstatements="19" conditionals="10" coveredconditionals="4" methods="5" coveredmethods="2"/>
        <line num="1" count="1" type="stmt"/>
        <line num="2" count="1" type="stmt"/>
        <line num="6" count="1" type="stmt"/>
        <line num="7" count="3" type="stmt"/>
        <line num="9" count="3" type="stmt"/>
        <line num="10" count="2" type="cond" truecount="4" falsecount="0"/>
        <line num="11" count="1" type="stmt"/>
        <line num="15" count="1" type="stmt"/>
        <line num="18" count="1" type="stmt"/>
        <line num="19" count="1" type="stmt"/>
        <line num="24" count="1" type="stmt"/>
        <line num="25" count="2" type="stmt"/>
        <line num="26" count="2" type="stmt"/>
        <line num="27" count="1" type="stmt"/>
        <line num="29" count="1" type="stmt"/>
        <line num="34" count="1" type="stmt"/>
        <line num="35" count="0" type="stmt"/>
        <line num="36" count="0" type="stmt"/>
        <line num="37" count="0" type="cond" truecount="0" falsecount="2"/>
        <line num="38" count="0" type="stmt"/>
        <line num="40" count="0" type="stmt"/>
        <line num="45" count="1" type="stmt"/>
        <line num="46" count="0" type="stmt"/>
        <line num="47" count="0" type="stmt"/>
        <line num="50" count="0" type="cond" truecount="0" falsecount="2"/>
        <line num="51" count="0" type="stmt"/>
        <line num="53" count="0" type="stmt"/>
        <line num="58" count="1" type="stmt"/>
        <line num="59" count="0" type="stmt"/>
        <line num="60" count="0" type="stmt"/>
        <line num="61" count="0" type="cond" truecount="0" falsecount="2"/>
        <line num="62" count="0" type="stmt"/>
        <line num="64" count="0" type="stmt"/>
        <line num="68" count="1" type="stmt"/>
      </file>
    </package>
    <package name="data">
      <metrics statements="2" coveredstatements="2" conditionals="0" coveredconditionals="0" methods="0" coveredmethods="0"/>
      <file name="rooms.js" path="C:\Users\CICS_STD_001\Documents\Web3D\Mira-api-activity3D\src\data\rooms.js">
        <metrics statements="2" coveredstatements="2" conditionals="0" coveredconditionals="0" methods="0" coveredmethods="0"/>
        <line num="1" count="1" type="stmt"/>
        <line num="24" count="1" type="stmt"/>
      </file>
    </package>
    <package name="middleware">
      <metrics statements="17" coveredstatements="12" conditionals="8" coveredconditionals="6" methods="3" coveredmethods="1"/>
      <file name="authMiddleware.js" path="C:\Users\CICS_STD_001\Documents\Web3D\Mira-api-activity3D\src\middleware\authMiddleware.js">
        <metrics statements="17" coveredstatements="12" conditionals="8" coveredconditionals="6" methods="3" coveredmethods="1"/>
        <line num="1" count="1" type="stmt"/>
        <line num="2" count="1" type="stmt"/>
        <line num="5" count="1" type="stmt"/>
        <line num="9" count="2" type="cond" truecount="4" falsecount="0"/>
        <line num="10" count="1" type="stmt"/>
        <line num="12" count="1" type="stmt"/>
        <line num="15" count="1" type="stmt"/>
        <line num="18" count="1" type="stmt"/>
        <line num="19" count="1" type="stmt"/>
        <line num="21" count="0" type="stmt"/>
        <line num="25" count="2" type="cond" truecount="2" falsecount="0"/>
        <line num="26" count="1" type="stmt"/>
        <line num="32" count="1" type="stmt"/>
        <line num="33" count="0" type="stmt"/>
        <line num="35" count="0" type="cond" truecount="0" falsecount="2"/>
        <line num="36" count="0" type="stmt"/>
        <line num="40" count="0" type="stmt"/>
      </file>
    </package>
    <package name="models">
      <metrics statements="13" coveredstatements="9" conditionals="2" coveredconditionals="0" methods="2" coveredmethods="0"/>
      <file name="roomModel.js" path="C:\Users\CICS_STD_001\Documents\Web3D\Mira-api-activity3D\src\models\roomModel.js">
        <metrics statements="3" coveredstatements="3" conditionals="0" coveredconditionals="0" methods="0" coveredmethods="0"/>
        <line num="2" count="1" type="stmt"/>
        <line num="4" count="1" type="stmt"/>
        <line num="28" count="1" type="stmt"/>
      </file>
      <file name="userModel.js" path="C:\Users\CICS_STD_001\Documents\Web3D\Mira-api-activity3D\src\models\userModel.js">
        <metrics statements="10" coveredstatements="6" conditionals="2" coveredconditionals="0" methods="2" coveredmethods="0"/>
        <line num="1" count="1" type="stmt"/>
        <line num="2" count="1" type="stmt"/>
        <line num="4" count="1" type="stmt"/>
        <line num="29" count="1" type="stmt"/>
        <line num="30" count="0" type="cond" truecount="0" falsecount="2"/>
        <line num="33" count="0" type="stmt"/>
        <line num="34" count="0" type="stmt"/>
        <line num="38" count="1" type="stmt"/>
        <line num="39" count="0" type="stmt"/>
        <line num="42" count="1" type="stmt"/>
      </file>
    </package>
  </project>
</coverage>
