{"C:\\Users\\CICS_STD_001\\Documents\\Web3D\\Mira-api-activity3D\\src\\controllers\\roomController.js": {"path":"C:\\Users\\CICS_STD_001\\Documents\\Web3D\\Mira-api-activity3D\\src\\controllers\\roomController.js","statementMap":{"0":{"start":{"line":1,"column":13},"end":{"line":1,"column":43}},"1":{"start":{"line":2,"column":20},"end":{"line":2,"column":44}},"2":{"start":{"line":6,"column":20},"end":{"line":21,"column":1}},"3":{"start":{"line":7,"column":2},"end":{"line":20,"column":3}},"4":{"start":{"line":9,"column":18},"end":{"line":9,"column":35}},"5":{"start":{"line":10,"column":4},"end":{"line":12,"column":5}},"6":{"start":{"line":11,"column":6},"end":{"line":11,"column":100}},"7":{"start":{"line":15,"column":4},"end":{"line":15,"column":114}},"8":{"start":{"line":18,"column":4},"end":{"line":18,"column":83}},"9":{"start":{"line":19,"column":4},"end":{"line":19,"column":130}},"10":{"start":{"line":24,"column":19},"end":{"line":31,"column":1}},"11":{"start":{"line":25,"column":2},"end":{"line":30,"column":3}},"12":{"start":{"line":26,"column":20},"end":{"line":26,"column":47}},"13":{"start":{"line":27,"column":4},"end":{"line":27,"column":34}},"14":{"start":{"line":29,"column":4},"end":{"line":29,"column":53}},"15":{"start":{"line":34,"column":20},"end":{"line":42,"column":1}},"16":{"start":{"line":35,"column":2},"end":{"line":41,"column":3}},"17":{"start":{"line":36,"column":17},"end":{"line":36,"column":51}},"18":{"start":{"line":37,"column":4},"end":{"line":37,"column":74}},"19":{"start":{"line":37,"column":15},"end":{"line":37,"column":74}},"20":{"start":{"line":38,"column":4},"end":{"line":38,"column":31}},"21":{"start":{"line":40,"column":4},"end":{"line":40,"column":53}},"22":{"start":{"line":45,"column":19},"end":{"line":55,"column":1}},"23":{"start":{"line":46,"column":2},"end":{"line":54,"column":3}},"24":{"start":{"line":47,"column":17},"end":{"line":49,"column":6}},"25":{"start":{"line":50,"column":4},"end":{"line":50,"column":74}},"26":{"start":{"line":50,"column":15},"end":{"line":50,"column":74}},"27":{"start":{"line":51,"column":4},"end":{"line":51,"column":31}},"28":{"start":{"line":53,"column":4},"end":{"line":53,"column":53}},"29":{"start":{"line":58,"column":19},"end":{"line":66,"column":1}},"30":{"start":{"line":59,"column":2},"end":{"line":65,"column":3}},"31":{"start":{"line":60,"column":17},"end":{"line":60,"column":60}},"32":{"start":{"line":61,"column":4},"end":{"line":61,"column":74}},"33":{"start":{"line":61,"column":15},"end":{"line":61,"column":74}},"34":{"start":{"line":62,"column":4},"end":{"line":62,"column":67}},"35":{"start":{"line":64,"column":4},"end":{"line":64,"column":53}},"36":{"start":{"line":68,"column":0},"end":{"line":74,"column":2}}},"fnMap":{"0":{"name":"(anonymous_0)","decl":{"start":{"line":6,"column":20},"end":{"line":6,"column":21}},"loc":{"start":{"line":6,"column":40},"end":{"line":21,"column":1}},"line":6},"1":{"name":"(anonymous_1)","decl":{"start":{"line":24,"column":19},"end":{"line":24,"column":20}},"loc":{"start":{"line":24,"column":39},"end":{"line":31,"column":1}},"line":24},"2":{"name":"(anonymous_2)","decl":{"start":{"line":34,"column":20},"end":{"line":34,"column":21}},"loc":{"start":{"line":34,"column":40},"end":{"line":42,"column":1}},"line":34},"3":{"name":"(anonymous_3)","decl":{"start":{"line":45,"column":19},"end":{"line":45,"column":20}},"loc":{"start":{"line":45,"column":39},"end":{"line":55,"column":1}},"line":45},"4":{"name":"(anonymous_4)","decl":{"start":{"line":58,"column":19},"end":{"line":58,"column":20}},"loc":{"start":{"line":58,"column":39},"end":{"line":66,"column":1}},"line":58}},"branchMap":{"0":{"loc":{"start":{"line":10,"column":4},"end":{"line":12,"column":5}},"type":"if","locations":[{"start":{"line":10,"column":4},"end":{"line":12,"column":5}},{"start":{},"end":{}}],"line":10},"1":{"loc":{"start":{"line":10,"column":8},"end":{"line":10,"column":33}},"type":"binary-expr","locations":[{"start":{"line":10,"column":8},"end":{"line":10,"column":13}},{"start":{"line":10,"column":17},"end":{"line":10,"column":33}}],"line":10},"2":{"loc":{"start":{"line":37,"column":4},"end":{"line":37,"column":74}},"type":"if","locations":[{"start":{"line":37,"column":4},"end":{"line":37,"column":74}},{"start":{},"end":{}}],"line":37},"3":{"loc":{"start":{"line":50,"column":4},"end":{"line":50,"column":74}},"type":"if","locations":[{"start":{"line":50,"column":4},"end":{"line":50,"column":74}},{"start":{},"end":{}}],"line":50},"4":{"loc":{"start":{"line":61,"column":4},"end":{"line":61,"column":74}},"type":"if","locations":[{"start":{"line":61,"column":4},"end":{"line":61,"column":74}},{"start":{},"end":{}}],"line":61}},"s":{"0":1,"1":1,"2":1,"3":3,"4":3,"5":2,"6":1,"7":1,"8":1,"9":1,"10":1,"11":2,"12":2,"13":1,"14":1,"15":1,"16":0,"17":0,"18":0,"19":0,"20":0,"21":0,"22":1,"23":0,"24":0,"25":0,"26":0,"27":0,"28":0,"29":1,"30":0,"31":0,"32":0,"33":0,"34":0,"35":0,"36":1},"f":{"0":3,"1":2,"2":0,"3":0,"4":0},"b":{"0":[1,1],"1":[2,2],"2":[0,0],"3":[0,0],"4":[0,0]},"_coverageSchema":"1a1c01bbd47fc00a2c39e90264f33305004495a9","hash":"3514a70527ea4014affce80f9cd5b88778a89121"}
,"C:\\Users\\CICS_STD_001\\Documents\\Web3D\\Mira-api-activity3D\\src\\data\\rooms.js": {"path":"C:\\Users\\CICS_STD_001\\Documents\\Web3D\\Mira-api-activity3D\\src\\data\\rooms.js","statementMap":{"0":{"start":{"line":1,"column":14},"end":{"line":22,"column":1}},"1":{"start":{"line":24,"column":0},"end":{"line":24,"column":23}}},"fnMap":{},"branchMap":{},"s":{"0":1,"1":1},"f":{},"b":{},"_coverageSchema":"1a1c01bbd47fc00a2c39e90264f33305004495a9","hash":"43da9ca802b3188fa641859753e5fd1a116a5fd6"}
,"C:\\Users\\CICS_STD_001\\Documents\\Web3D\\Mira-api-activity3D\\src\\middleware\\authMiddleware.js": {"path":"C:\\Users\\CICS_STD_001\\Documents\\Web3D\\Mira-api-activity3D\\src\\middleware\\authMiddleware.js","statementMap":{"0":{"start":{"line":1,"column":12},"end":{"line":1,"column":35}},"1":{"start":{"line":2,"column":14},"end":{"line":2,"column":44}},"2":{"start":{"line":5,"column":1},"end":{"line":28,"column":3}},"3":{"start":{"line":9,"column":1},"end":{"line":23,"column":2}},"4":{"start":{"line":10,"column":1},"end":{"line":22,"column":2}},"5":{"start":{"line":12,"column":1},"end":{"line":12,"column":49}},"6":{"start":{"line":15,"column":17},"end":{"line":15,"column":58}},"7":{"start":{"line":18,"column":1},"end":{"line":18,"column":64}},"8":{"start":{"line":19,"column":1},"end":{"line":19,"column":8}},"9":{"start":{"line":21,"column":1},"end":{"line":21,"column":67}},"10":{"start":{"line":25,"column":1},"end":{"line":27,"column":2}},"11":{"start":{"line":26,"column":1},"end":{"line":26,"column":63}},"12":{"start":{"line":32,"column":1},"end":{"line":42,"column":2}},"13":{"start":{"line":33,"column":1},"end":{"line":41,"column":3}},"14":{"start":{"line":35,"column":1},"end":{"line":39,"column":2}},"15":{"start":{"line":36,"column":1},"end":{"line":38,"column":4}},"16":{"start":{"line":40,"column":1},"end":{"line":40,"column":8}}},"fnMap":{"0":{"name":"(anonymous_0)","decl":{"start":{"line":5,"column":19},"end":{"line":5,"column":20}},"loc":{"start":{"line":5,"column":45},"end":{"line":28,"column":2}},"line":5},"1":{"name":"(anonymous_1)","decl":{"start":{"line":32,"column":21},"end":{"line":32,"column":22}},"loc":{"start":{"line":32,"column":35},"end":{"line":42,"column":1}},"line":32},"2":{"name":"(anonymous_2)","decl":{"start":{"line":33,"column":8},"end":{"line":33,"column":9}},"loc":{"start":{"line":33,"column":28},"end":{"line":41,"column":2}},"line":33}},"branchMap":{"0":{"loc":{"start":{"line":9,"column":1},"end":{"line":23,"column":2}},"type":"if","locations":[{"start":{"line":9,"column":1},"end":{"line":23,"column":2}},{"start":{},"end":{}}],"line":9},"1":{"loc":{"start":{"line":9,"column":5},"end":{"line":9,"column":80}},"type":"binary-expr","locations":[{"start":{"line":9,"column":5},"end":{"line":9,"column":30}},{"start":{"line":9,"column":34},"end":{"line":9,"column":80}}],"line":9},"2":{"loc":{"start":{"line":25,"column":1},"end":{"line":27,"column":2}},"type":"if","locations":[{"start":{"line":25,"column":1},"end":{"line":27,"column":2}},{"start":{},"end":{}}],"line":25},"3":{"loc":{"start":{"line":35,"column":1},"end":{"line":39,"column":2}},"type":"if","locations":[{"start":{"line":35,"column":1},"end":{"line":39,"column":2}},{"start":{},"end":{}}],"line":35}},"s":{"0":1,"1":1,"2":1,"3":2,"4":1,"5":1,"6":1,"7":1,"8":1,"9":0,"10":2,"11":1,"12":1,"13":0,"14":0,"15":0,"16":0},"f":{"0":2,"1":0,"2":0},"b":{"0":[1,1],"1":[2,1],"2":[1,1],"3":[0,0]},"_coverageSchema":"1a1c01bbd47fc00a2c39e90264f33305004495a9","hash":"d8d66b61b4da1917a01a8dad2483d4a34873e8bd"}
,"C:\\Users\\CICS_STD_001\\Documents\\Web3D\\Mira-api-activity3D\\src\\models\\roomModel.js": {"path":"C:\\Users\\CICS_STD_001\\Documents\\Web3D\\Mira-api-activity3D\\src\\models\\roomModel.js","statementMap":{"0":{"start":{"line":2,"column":17},"end":{"line":2,"column":36}},"1":{"start":{"line":4,"column":19},"end":{"line":26,"column":2}},"2":{"start":{"line":28,"column":0},"end":{"line":28,"column":52}}},"fnMap":{},"branchMap":{},"s":{"0":1,"1":1,"2":1},"f":{},"b":{},"_coverageSchema":"1a1c01bbd47fc00a2c39e90264f33305004495a9","hash":"dac50ddf2f058e10646818708baf0aa45726c871"}
,"C:\\Users\\CICS_STD_001\\Documents\\Web3D\\Mira-api-activity3D\\src\\models\\userModel.js": {"path":"C:\\Users\\CICS_STD_001\\Documents\\Web3D\\Mira-api-activity3D\\src\\models\\userModel.js","statementMap":{"0":{"start":{"line":1,"column":17},"end":{"line":1,"column":36}},"1":{"start":{"line":2,"column":16},"end":{"line":2,"column":35}},"2":{"start":{"line":4,"column":20},"end":{"line":25,"column":2}},"3":{"start":{"line":29,"column":0},"end":{"line":35,"column":4}},"4":{"start":{"line":30,"column":1},"end":{"line":30,"column":42}},"5":{"start":{"line":30,"column":35},"end":{"line":30,"column":42}},"6":{"start":{"line":33,"column":14},"end":{"line":33,"column":38}},"7":{"start":{"line":34,"column":1},"end":{"line":34,"column":56}},"8":{"start":{"line":38,"column":0},"end":{"line":40,"column":2}},"9":{"start":{"line":39,"column":1},"end":{"line":39,"column":61}},"10":{"start":{"line":42,"column":0},"end":{"line":42,"column":52}}},"fnMap":{"0":{"name":"(anonymous_0)","decl":{"start":{"line":29,"column":23},"end":{"line":29,"column":24}},"loc":{"start":{"line":29,"column":41},"end":{"line":35,"column":2}},"line":29},"1":{"name":"(anonymous_1)","decl":{"start":{"line":38,"column":35},"end":{"line":38,"column":36}},"loc":{"start":{"line":38,"column":68},"end":{"line":40,"column":1}},"line":38}},"branchMap":{"0":{"loc":{"start":{"line":30,"column":1},"end":{"line":30,"column":42}},"type":"if","locations":[{"start":{"line":30,"column":1},"end":{"line":30,"column":42}},{"start":{},"end":{}}],"line":30}},"s":{"0":1,"1":1,"2":1,"3":1,"4":0,"5":0,"6":0,"7":0,"8":1,"9":0,"10":1},"f":{"0":0,"1":0},"b":{"0":[0,0]},"_coverageSchema":"1a1c01bbd47fc00a2c39e90264f33305004495a9","hash":"da62551ae1f8e1bdec3a5a5e0d32767e9c8d6ae6"}
}
