TN:
SF:src\controllers\roomController.js
FN:6,(anonymous_0)
FN:24,(anonymous_1)
FN:34,(anonymous_2)
FN:45,(anonymous_3)
FN:58,(anonymous_4)
FNF:5
FNH:2
FNDA:3,(anonymous_0)
FNDA:2,(anonymous_1)
FNDA:0,(anonymous_2)
FNDA:0,(anonymous_3)
FNDA:0,(anonymous_4)
DA:1,1
DA:2,1
DA:6,1
DA:7,3
DA:9,3
DA:10,2
DA:11,1
DA:15,1
DA:18,1
DA:19,1
DA:24,1
DA:25,2
DA:26,2
DA:27,1
DA:29,1
DA:34,1
DA:35,0
DA:36,0
DA:37,0
DA:38,0
DA:40,0
DA:45,1
DA:46,0
DA:47,0
DA:50,0
DA:51,0
DA:53,0
DA:58,1
DA:59,0
DA:60,0
DA:61,0
DA:62,0
DA:64,0
DA:68,1
LF:34
LH:19
BRDA:10,0,0,1
BRDA:10,0,1,1
BRDA:10,1,0,2
BRDA:10,1,1,2
BRDA:37,2,0,0
BRDA:37,2,1,0
BRDA:50,3,0,0
BRDA:50,3,1,0
BRDA:61,4,0,0
BRDA:61,4,1,0
BRF:10
BRH:4
end_of_record
TN:
SF:src\data\rooms.js
FNF:0
FNH:0
DA:1,1
DA:24,1
LF:2
LH:2
BRF:0
BRH:0
end_of_record
TN:
SF:src\middleware\authMiddleware.js
FN:5,(anonymous_0)
FN:32,(anonymous_1)
FN:33,(anonymous_2)
FNF:3
FNH:1
FNDA:2,(anonymous_0)
FNDA:0,(anonymous_1)
FNDA:0,(anonymous_2)
DA:1,1
DA:2,1
DA:5,1
DA:9,2
DA:10,1
DA:12,1
DA:15,1
DA:18,1
DA:19,1
DA:21,0
DA:25,2
DA:26,1
DA:32,1
DA:33,0
DA:35,0
DA:36,0
DA:40,0
LF:17
LH:12
BRDA:9,0,0,1
BRDA:9,0,1,1
BRDA:9,1,0,2
BRDA:9,1,1,1
BRDA:25,2,0,1
BRDA:25,2,1,1
BRDA:35,3,0,0
BRDA:35,3,1,0
BRF:8
BRH:6
end_of_record
TN:
SF:src\models\roomModel.js
FNF:0
FNH:0
DA:2,1
DA:4,1
DA:28,1
LF:3
LH:3
BRF:0
BRH:0
end_of_record
TN:
SF:src\models\userModel.js
FN:29,(anonymous_0)
FN:38,(anonymous_1)
FNF:2
FNH:0
FNDA:0,(anonymous_0)
FNDA:0,(anonymous_1)
DA:1,1
DA:2,1
DA:4,1
DA:29,1
DA:30,0
DA:33,0
DA:34,0
DA:38,1
DA:39,0
DA:42,1
LF:10
LH:6
BRDA:30,0,0,0
BRDA:30,0,1,0
BRF:2
BRH:0
end_of_record
